2025-08-16 15:26:02,475 - __main__ - INFO - [MainThread] - 🔒 Enterprise Security Manager initialized
2025-08-16 15:26:02,476 - __main__ - INFO - [MainThread] - ⚡ Circuit breaker 'primary_compute' initialized
2025-08-16 15:26:02,476 - __main__ - INFO - [MainThread] - ⚡ Circuit breaker 'backup_compute' initialized
2025-08-16 15:26:02,476 - __main__ - INFO - [MainThread] - 🔄 Self-Healing System initialized
2025-08-16 15:26:02,476 - __main__ - INFO - [MainThread] - 📊 Alert rule added for error_rate: above 0.05
2025-08-16 15:26:02,476 - __main__ - INFO - [MainThread] - 📊 Alert rule added for response_time: above 5.0
2025-08-16 15:26:02,476 - __main__ - INFO - [MainThread] - 📊 Alert rule added for memory_usage: above 0.9
2025-08-16 15:26:02,476 - __main__ - INFO - [MainThread] - 📊 Alert rule added for cpu_usage: above 0.8
2025-08-16 15:26:02,476 - __main__ - INFO - [MainThread] - 📊 Alert rule added for quantum_coherence: below 0.7
2025-08-16 15:26:02,477 - __main__ - INFO - [MainThread] - 📊 Enterprise Monitoring System initialized
2025-08-16 15:26:29,569 - __main__ - INFO - [MainThread] - 🔒 Enterprise Security Manager initialized
2025-08-16 15:26:29,570 - __main__ - INFO - [MainThread] - ⚡ Circuit breaker 'primary_compute' initialized
2025-08-16 15:26:29,570 - __main__ - INFO - [MainThread] - ⚡ Circuit breaker 'backup_compute' initialized
2025-08-16 15:26:29,570 - __main__ - INFO - [MainThread] - 🔄 Self-Healing System initialized
2025-08-16 15:26:29,570 - __main__ - INFO - [MainThread] - 📊 Alert rule added for error_rate: above 0.05
2025-08-16 15:26:29,570 - __main__ - INFO - [MainThread] - 📊 Alert rule added for response_time: above 5.0
2025-08-16 15:26:29,570 - __main__ - INFO - [MainThread] - 📊 Alert rule added for memory_usage: above 0.9
2025-08-16 15:26:29,570 - __main__ - INFO - [MainThread] - 📊 Alert rule added for cpu_usage: above 0.8
2025-08-16 15:26:29,570 - __main__ - INFO - [MainThread] - 📊 Alert rule added for quantum_coherence: below 0.7
2025-08-16 15:26:29,571 - __main__ - INFO - [MainThread] - 📊 Enterprise Monitoring System initialized
2025-08-16 15:26:29,571 - __main__ - INFO - [MainThread] - 🔓 User scientist_001 authenticated with confidential clearance
2025-08-16 15:26:29,596 - jax._src.xla_bridge - INFO - [MainThread] - Unable to initialize backend 'tpu': INTERNAL: Failed to open libtpu.so: libtpu.so: cannot open shared object file: No such file or directory
2025-08-16 15:26:29,782 - __main__ - WARNING - [MainThread] - 🚨 Circuit breaker 'primary_compute' is now OPEN
2025-08-16 15:26:29,783 - __main__ - WARNING - [MainThread] - 🚨 Error detected: memory_error (severity: low)
2025-08-16 15:26:29,783 - __main__ - INFO - [MainThread] - 🔄 Attempting memory error recovery...
2025-08-16 15:26:29,844 - __main__ - INFO - [MainThread] - 🔄 Reduced batch size to 500
2025-08-16 15:26:29,844 - __main__ - INFO - [MainThread] - ✅ Successfully recovered from memory_error
2025-08-16 15:26:29,844 - __main__ - WARNING - [MainThread] - 🚨 Error detected: timeout_error (severity: low)
2025-08-16 15:26:29,844 - __main__ - INFO - [MainThread] - 🔄 Attempting timeout error recovery...
2025-08-16 15:26:29,844 - __main__ - INFO - [MainThread] - 🔄 Increased timeout to 10.0s
2025-08-16 15:26:29,845 - __main__ - INFO - [MainThread] - ✅ Successfully recovered from timeout_error
2025-08-16 15:26:29,845 - __main__ - WARNING - [MainThread] - 🚨 Error detected: unknown_error (severity: low)
2025-08-16 15:26:29,845 - __main__ - WARNING - [MainThread] - 🚨 Error detected: network_error (severity: low)
2025-08-16 15:26:29,845 - __main__ - INFO - [MainThread] - 🔄 Attempting network error recovery...
2025-08-16 15:26:30,845 - __main__ - INFO - [MainThread] - ✅ Successfully recovered from network_error
