2025-08-23 18:46:46,337 - __main__ - INFO - [MainThread] - WorkQueue initialized with 2 workers
2025-08-23 18:46:46,340 - __main__ - INFO - [MainThread] - Created scalable array: array_1755974806340137 (8x8)
2025-08-23 18:46:46,600 - __main__ - INFO - [MainThread] - Created scalable array: array_1755974806600467 (4x4)
2025-08-23 18:46:46,601 - __main__ - INFO - [MainThread] - Created scalable array: array_1755974806601877 (4x4)
2025-08-23 18:46:46,607 - __main__ - INFO - [MainThread] - Created scalable array: array_1755974806602250 (32x32)
2025-08-23 18:46:47,057 - __main__ - INFO - [MainThread] - Created scalable array: array_1755974807056113 (16x16)
2025-08-23 18:46:47,057 - __main__ - INFO - [MainThread] - Registered array array_1755974807056113 for auto-scaling
2025-08-23 18:48:54,432 - generation3_scale_system - INFO - [MainThread] - WorkQueue initialized with 2 workers
2025-08-23 18:48:54,451 - __main__ - INFO - [MainThread] - Starting comprehensive quality gates validation...
2025-08-23 18:48:54,451 - generation3_scale_system - INFO - [MainThread] - Created scalable array: array_1755974934451705 (4x4)
2025-08-23 18:48:54,454 - __main__ - INFO - [MainThread] - Basic Functionality: passed (100.0%)
2025-08-23 18:48:54,454 - generation3_scale_system - INFO - [MainThread] - Created scalable array: array_1755974934454680 (3x3)
2025-08-23 18:48:54,454 - generation3_scale_system - INFO - [MainThread] - Created scalable array: array_1755974934454860 (2x2)
2025-08-23 18:48:54,455 - __main__ - INFO - [MainThread] - Error Handling: passed (100.0%)
2025-08-23 18:48:54,455 - generation3_scale_system - INFO - [MainThread] - Created scalable array: array_1755974934455216 (8x8)
2025-08-23 18:48:54,535 - __main__ - INFO - [MainThread] - Performance Benchmarks: passed (100.0%)
2025-08-23 18:48:54,535 - __main__ - INFO - [MainThread] - Input Validation: failed (0.0%)
2025-08-23 18:48:54,551 - __main__ - INFO - [MainThread] - Security Vulnerabilities: passed (100.0%)
2025-08-23 18:48:54,552 - generation3_scale_system - INFO - [MainThread] - Created scalable array: array_1755974934552000 (4x4)
2025-08-23 18:48:54,558 - __main__ - INFO - [MainThread] - Concurrent Access: passed (100.0%)
2025-08-23 18:48:54,568 - __main__ - INFO - [MainThread] - Resource Management: passed (100.0%)
2025-08-23 18:48:54,568 - generation3_scale_system - INFO - [MainThread] - Created scalable array: array_1755974934568487 (4x4)
2025-08-23 18:48:54,570 - generation3_scale_system - INFO - [MainThread] - Created scalable array: array_1755974934570007 (8x8)
2025-08-23 18:48:54,573 - generation3_scale_system - INFO - [MainThread] - Created scalable array: array_1755974934572973 (16x16)
2025-08-23 18:48:54,581 - __main__ - INFO - [MainThread] - Scaling Performance: passed (100.0%)
2025-08-23 18:48:54,581 - __main__ - INFO - [MainThread] - Memory Efficiency: warning (50.0%)
2025-08-23 18:48:54,581 - __main__ - INFO - [MainThread] - Monitoring Capabilities: passed (100.0%)
2025-08-23 18:48:54,582 - __main__ - INFO - [MainThread] - Deployment Readiness: passed (100.0%)
2025-08-27 22:57:15,480 - __main__ - ERROR - Request processing failed: Simulation convergence failed
2025-08-27 22:57:15,540 - __main__ - ERROR - Request processing failed: Simulation convergence failed
2025-08-27 22:57:15,565 - __main__ - ERROR - Request processing failed: Simulation convergence failed
2025-08-27 22:57:15,634 - __main__ - ERROR - Request processing failed: Simulation convergence failed
2025-08-27 22:57:15,788 - __main__ - ERROR - Request processing failed: Simulation convergence failed
2025-08-27 22:57:15,839 - __main__ - ERROR - Request processing failed: Simulation convergence failed
2025-08-27 22:57:15,842 - __main__ - ERROR - Request processing failed: Simulation convergence failed
2025-08-27 22:57:15,847 - __main__ - ERROR - Request processing failed: Simulation convergence failed
2025-08-27 22:57:16,940 - __main__ - ERROR - Request processing failed: Simulation convergence failed
2025-08-27 22:57:18,244 - __main__ - ERROR - Request processing failed: Simulation convergence failed
2025-08-27 22:57:18,247 - __main__ - ERROR - Request processing failed: Simulation convergence failed
2025-08-27 22:57:18,292 - __main__ - ERROR - Request processing failed: Simulation convergence failed
2025-08-27 22:57:19,361 - __main__ - ERROR - Request processing failed: Simulation convergence failed
2025-08-27 22:57:19,489 - __main__ - ERROR - Request processing failed: Simulation convergence failed
2025-08-27 22:57:19,528 - __main__ - ERROR - Request processing failed: Simulation convergence failed
2025-08-27 22:57:19,578 - __main__ - ERROR - Request processing failed: Simulation convergence failed
2025-08-27 22:57:20,700 - __main__ - ERROR - Request processing failed: Simulation convergence failed
