2025-08-13 22:44:51,130 - ProductionOrchestrator - INFO - [6975] Production orchestrator initialized for photon-memristor-sim v1.0.0
2025-08-13 22:44:51,131 - ProductionOrchestrator - INFO - [6975] Starting production deployment...
2025-08-13 22:44:51,131 - ProdDevice.instance_0 - INFO - [6975] Production device instance_0 initialized
2025-08-13 22:44:51,131 - LoadBalancer - INFO - [6975] Added instance instance_0 to load balancer
2025-08-13 22:44:51,131 - ProductionOrchestrator - INFO - [6975] Instance instance_0 added to deployment
2025-08-13 22:44:51,132 - ProdDevice.instance_1 - INFO - [6975] Production device instance_1 initialized
2025-08-13 22:44:51,132 - LoadBalancer - INFO - [6975] Added instance instance_1 to load balancer
2025-08-13 22:44:51,132 - ProductionOrchestrator - INFO - [6975] Instance instance_1 added to deployment
2025-08-13 22:44:51,132 - ProdDevice.instance_0 - ERROR - [6975] Forward propagation error: Input shape mismatch: 8 != 16
2025-08-13 22:44:51,133 - HealthChecker - INFO - [6975] Health monitoring started
2025-08-13 22:44:51,133 - ProductionOrchestrator - INFO - [6975] Starting orchestration loop
2025-08-13 22:44:51,133 - HealthChecker - ERROR - [6975] Health check failed for instance_0: Input shape mismatch: 8 != 16
2025-08-13 22:44:51,134 - ProdDevice.instance_1 - ERROR - [6975] Forward propagation error: Input shape mismatch: 8 != 16
2025-08-13 22:44:51,134 - HealthChecker - ERROR - [6975] Health check failed for instance_1: Input shape mismatch: 8 != 16
2025-08-13 22:44:51,249 - ProductionOrchestrator - INFO - [6975] Status: failed | Instances: 2 | CPU: 0.0% | Memory: 15.0% | Error Rate: 200.00%
2025-08-13 22:44:54,132 - CircuitBreaker - ERROR - [6975] Circuit breaker OPEN - 5 failures
2025-08-13 22:44:56,135 - ProdDevice.instance_0 - ERROR - [6975] Forward propagation error: Input shape mismatch: 8 != 16
2025-08-13 22:44:56,135 - HealthChecker - ERROR - [6975] Health check failed for instance_0: Input shape mismatch: 8 != 16
2025-08-13 22:44:56,135 - ProdDevice.instance_1 - ERROR - [6975] Forward propagation error: Input shape mismatch: 8 != 16
2025-08-13 22:44:56,135 - HealthChecker - ERROR - [6975] Health check failed for instance_1: Input shape mismatch: 8 != 16
2025-08-13 22:44:56,234 - ProductionOrchestrator - INFO - [6975] Initiating graceful shutdown...
2025-08-13 22:45:01,136 - HealthChecker - INFO - [6975] Health monitoring stopped
2025-08-13 22:45:01,136 - LoadBalancer - INFO - [6975] Removed instance instance_0 from load balancer
2025-08-13 22:45:01,136 - ProductionOrchestrator - INFO - [6975] Instance instance_0 removed from deployment
2025-08-13 22:45:01,136 - LoadBalancer - INFO - [6975] Removed instance instance_1 from load balancer
2025-08-13 22:45:01,136 - ProductionOrchestrator - INFO - [6975] Instance instance_1 removed from deployment
2025-08-13 22:45:01,136 - ProductionOrchestrator - INFO - [6975] Shutdown complete
2025-08-15 07:23:49,210 - ProductionOrchestrator - INFO - [4263] Production orchestrator initialized for photon-memristor-sim v1.0.0
2025-08-15 07:23:49,211 - ProductionOrchestrator - INFO - [4263] Starting production deployment...
2025-08-15 07:23:49,224 - ProdDevice.instance_0 - INFO - [4263] Production device instance_0 initialized
2025-08-15 07:23:49,225 - LoadBalancer - INFO - [4263] Added instance instance_0 to load balancer
2025-08-15 07:23:49,225 - ProductionOrchestrator - INFO - [4263] Instance instance_0 added to deployment
2025-08-15 07:23:49,225 - ProdDevice.instance_1 - INFO - [4263] Production device instance_1 initialized
2025-08-15 07:23:49,225 - LoadBalancer - INFO - [4263] Added instance instance_1 to load balancer
2025-08-15 07:23:49,225 - ProductionOrchestrator - INFO - [4263] Instance instance_1 added to deployment
2025-08-15 07:23:49,225 - HealthChecker - INFO - [4263] Health monitoring started
2025-08-15 07:23:49,225 - ProductionOrchestrator - INFO - [4263] Starting orchestration loop
2025-08-15 07:23:49,240 - ProdDevice.instance_0 - ERROR - [4263] Forward propagation error: Input shape mismatch: 8 != 16
2025-08-15 07:23:49,240 - HealthChecker - ERROR - [4263] Health check failed for instance_0: Input shape mismatch: 8 != 16
2025-08-15 07:23:49,241 - ProdDevice.instance_1 - ERROR - [4263] Forward propagation error: Input shape mismatch: 8 != 16
2025-08-15 07:23:49,241 - HealthChecker - ERROR - [4263] Health check failed for instance_1: Input shape mismatch: 8 != 16
2025-08-15 07:23:49,341 - ProductionOrchestrator - INFO - [4263] Status: failed | Instances: 2 | CPU: 19.0% | Memory: 15.6% | Error Rate: 200.00%
2025-08-15 07:23:52,212 - CircuitBreaker - ERROR - [4263] Circuit breaker OPEN - 5 failures
2025-08-15 07:23:54,241 - ProdDevice.instance_0 - ERROR - [4263] Forward propagation error: Input shape mismatch: 8 != 16
2025-08-15 07:23:54,241 - HealthChecker - ERROR - [4263] Health check failed for instance_0: Input shape mismatch: 8 != 16
2025-08-15 07:23:54,241 - ProdDevice.instance_1 - ERROR - [4263] Forward propagation error: Input shape mismatch: 8 != 16
2025-08-15 07:23:54,242 - HealthChecker - ERROR - [4263] Health check failed for instance_1: Input shape mismatch: 8 != 16
2025-08-15 07:23:54,313 - ProductionOrchestrator - INFO - [4263] Initiating graceful shutdown...
2025-08-15 07:23:59,242 - HealthChecker - INFO - [4263] Health monitoring stopped
2025-08-15 07:23:59,243 - LoadBalancer - INFO - [4263] Removed instance instance_0 from load balancer
2025-08-15 07:23:59,243 - ProductionOrchestrator - INFO - [4263] Instance instance_0 removed from deployment
2025-08-15 07:23:59,243 - LoadBalancer - INFO - [4263] Removed instance instance_1 from load balancer
2025-08-15 07:23:59,243 - ProductionOrchestrator - INFO - [4263] Instance instance_1 removed from deployment
2025-08-15 07:23:59,243 - ProductionOrchestrator - INFO - [4263] Shutdown complete
{"timestamp": "2025-08-23T18:50:56.813027", "level": "INFO", "logger": "root", "message": "Production photonic service initialized", "thread": "MainThread", "process": 2365}
{"timestamp": "2025-08-23T18:50:56.813391", "level": "INFO", "logger": "root", "message": "AUDIT: {\"timestamp\": \"2025-08-23T18:50:56.813138\", \"action\": \"simulation_request\", \"user_id\": \"5196da40749b5940694f7359f41c239f9f5b8e56cb4ff6af95ccb95dc84f1e42\", \"details\": {\"request_id\": \"req_1755975056813083\", \"array_size\": [4, 4], \"input_size\": 4, \"language\": \"en\"}, \"ip_address\": \"unknown\", \"session_id\": \"unknown\"}", "thread": "MainThread", "process": 2365}
{"timestamp": "2025-08-23T18:50:56.813571", "level": "INFO", "logger": "root", "message": "Simulation started", "thread": "MainThread", "process": 2365, "user_id": "test_user_123", "request_id": "req_1755975056813083"}
{"timestamp": "2025-08-23T18:50:56.816392", "level": "INFO", "logger": "generation3_scale_system", "message": "WorkQueue initialized with 2 workers", "thread": "MainThread", "process": 2365}
{"timestamp": "2025-08-23T18:50:56.817628", "level": "INFO", "logger": "generation3_scale_system", "message": "Created scalable array: array_1755975056817390 (4x4)", "thread": "MainThread", "process": 2365}
{"timestamp": "2025-08-23T18:50:56.820228", "level": "INFO", "logger": "root", "message": "Simulation completed", "thread": "MainThread", "process": 2365, "request_id": "req_1755975056813083"}
{"timestamp": "2025-08-23T18:50:56.820696", "level": "INFO", "logger": "root", "message": "AUDIT: {\"timestamp\": \"2025-08-23T18:50:56.820422\", \"action\": \"simulation_request\", \"user_id\": \"a1d5ac1b4d6cc2c26b3a19a9f11ace6f7738b10f198d34a52ee5922b8216485a\", \"details\": {\"request_id\": \"req_1755975056820387\", \"array_size\": [2, 2], \"input_size\": 2, \"language\": \"en\"}, \"ip_address\": \"unknown\", \"session_id\": \"unknown\"}", "thread": "MainThread", "process": 2365}
{"timestamp": "2025-08-23T18:50:56.820969", "level": "INFO", "logger": "root", "message": "Simulation started", "thread": "MainThread", "process": 2365, "user_id": "test_user_i18n", "request_id": "req_1755975056820387"}
{"timestamp": "2025-08-23T18:50:56.821230", "level": "INFO", "logger": "generation3_scale_system", "message": "Created scalable array: array_1755975056821020 (2x2)", "thread": "MainThread", "process": 2365}
{"timestamp": "2025-08-23T18:50:56.821749", "level": "INFO", "logger": "root", "message": "Simulation completed", "thread": "MainThread", "process": 2365, "request_id": "req_1755975056820387"}
{"timestamp": "2025-08-23T18:50:56.822037", "level": "INFO", "logger": "root", "message": "AUDIT: {\"timestamp\": \"2025-08-23T18:50:56.821831\", \"action\": \"simulation_request\", \"user_id\": \"a1d5ac1b4d6cc2c26b3a19a9f11ace6f7738b10f198d34a52ee5922b8216485a\", \"details\": {\"request_id\": \"req_1755975056821811\", \"array_size\": [2, 2], \"input_size\": 2, \"language\": \"es\"}, \"ip_address\": \"unknown\", \"session_id\": \"unknown\"}", "thread": "MainThread", "process": 2365}
{"timestamp": "2025-08-23T18:50:56.822284", "level": "INFO", "logger": "root", "message": "Simulaci\u00f3n iniciada", "thread": "MainThread", "process": 2365, "user_id": "test_user_i18n", "request_id": "req_1755975056821811"}
{"timestamp": "2025-08-23T18:50:56.822527", "level": "INFO", "logger": "generation3_scale_system", "message": "Created scalable array: array_1755975056822324 (2x2)", "thread": "MainThread", "process": 2365}
{"timestamp": "2025-08-23T18:50:56.823142", "level": "INFO", "logger": "root", "message": "Simulaci\u00f3n completada", "thread": "MainThread", "process": 2365, "request_id": "req_1755975056821811"}
{"timestamp": "2025-08-23T18:50:56.823469", "level": "INFO", "logger": "root", "message": "AUDIT: {\"timestamp\": \"2025-08-23T18:50:56.823230\", \"action\": \"simulation_request\", \"user_id\": \"a1d5ac1b4d6cc2c26b3a19a9f11ace6f7738b10f198d34a52ee5922b8216485a\", \"details\": {\"request_id\": \"req_1755975056823210\", \"array_size\": [2, 2], \"input_size\": 2, \"language\": \"fr\"}, \"ip_address\": \"unknown\", \"session_id\": \"unknown\"}", "thread": "MainThread", "process": 2365}
{"timestamp": "2025-08-23T18:50:56.823816", "level": "INFO", "logger": "root", "message": "Simulation d\u00e9marr\u00e9e", "thread": "MainThread", "process": 2365, "user_id": "test_user_i18n", "request_id": "req_1755975056823210"}
{"timestamp": "2025-08-23T18:50:56.824065", "level": "INFO", "logger": "generation3_scale_system", "message": "Created scalable array: array_1755975056823861 (2x2)", "thread": "MainThread", "process": 2365}
{"timestamp": "2025-08-23T18:50:56.824521", "level": "INFO", "logger": "root", "message": "Simulation termin\u00e9e", "thread": "MainThread", "process": 2365, "request_id": "req_1755975056823210"}
{"timestamp": "2025-08-23T18:50:56.824866", "level": "INFO", "logger": "root", "message": "AUDIT: {\"timestamp\": \"2025-08-23T18:50:56.824601\", \"action\": \"simulation_request\", \"user_id\": \"a1d5ac1b4d6cc2c26b3a19a9f11ace6f7738b10f198d34a52ee5922b8216485a\", \"details\": {\"request_id\": \"req_1755975056824581\", \"array_size\": [2, 2], \"input_size\": 2, \"language\": \"de\"}, \"ip_address\": \"unknown\", \"session_id\": \"unknown\"}", "thread": "MainThread", "process": 2365}
{"timestamp": "2025-08-23T18:50:56.825123", "level": "INFO", "logger": "root", "message": "Simulation gestartet", "thread": "MainThread", "process": 2365, "user_id": "test_user_i18n", "request_id": "req_1755975056824581"}
{"timestamp": "2025-08-23T18:50:56.825358", "level": "INFO", "logger": "generation3_scale_system", "message": "Created scalable array: array_1755975056825163 (2x2)", "thread": "MainThread", "process": 2365}
{"timestamp": "2025-08-23T18:50:56.825872", "level": "INFO", "logger": "root", "message": "Simulation abgeschlossen", "thread": "MainThread", "process": 2365, "request_id": "req_1755975056824581"}
{"timestamp": "2025-08-23T18:50:56.826176", "level": "INFO", "logger": "root", "message": "AUDIT: {\"timestamp\": \"2025-08-23T18:50:56.825964\", \"action\": \"simulation_request\", \"user_id\": \"c3b78f756b26a83215139ded34a36fe3667b6eaf445e6d7df1d98501a90ab0f3\", \"details\": {\"request_id\": \"req_1755975056825946\", \"array_size\": [2, 2], \"input_size\": 2, \"language\": \"en\"}, \"ip_address\": \"unknown\", \"session_id\": \"unknown\"}", "thread": "MainThread", "process": 2365}
{"timestamp": "2025-08-23T18:50:56.826425", "level": "INFO", "logger": "root", "message": "Simulation started", "thread": "MainThread", "process": 2365, "user_id": "rate_limit_test_user", "request_id": "req_1755975056825946"}
{"timestamp": "2025-08-23T18:50:56.826730", "level": "INFO", "logger": "generation3_scale_system", "message": "Created scalable array: array_1755975056826481 (2x2)", "thread": "MainThread", "process": 2365}
{"timestamp": "2025-08-23T18:50:56.827182", "level": "INFO", "logger": "root", "message": "Simulation completed", "thread": "MainThread", "process": 2365, "request_id": "req_1755975056825946"}
{"timestamp": "2025-08-23T18:50:56.827450", "level": "INFO", "logger": "root", "message": "AUDIT: {\"timestamp\": \"2025-08-23T18:50:56.827255\", \"action\": \"simulation_request\", \"user_id\": \"c3b78f756b26a83215139ded34a36fe3667b6eaf445e6d7df1d98501a90ab0f3\", \"details\": {\"request_id\": \"req_1755975056827238\", \"array_size\": [2, 2], \"input_size\": 2, \"language\": \"en\"}, \"ip_address\": \"unknown\", \"session_id\": \"unknown\"}", "thread": "MainThread", "process": 2365}
{"timestamp": "2025-08-23T18:50:56.827735", "level": "INFO", "logger": "root", "message": "Simulation started", "thread": "MainThread", "process": 2365, "user_id": "rate_limit_test_user", "request_id": "req_1755975056827238"}
{"timestamp": "2025-08-23T18:50:56.828045", "level": "INFO", "logger": "generation3_scale_system", "message": "Created scalable array: array_1755975056827854 (2x2)", "thread": "MainThread", "process": 2365}
{"timestamp": "2025-08-23T18:50:56.828479", "level": "INFO", "logger": "root", "message": "Simulation completed", "thread": "MainThread", "process": 2365, "request_id": "req_1755975056827238"}
{"timestamp": "2025-08-23T18:50:56.828761", "level": "INFO", "logger": "root", "message": "AUDIT: {\"timestamp\": \"2025-08-23T18:50:56.828546\", \"action\": \"simulation_request\", \"user_id\": \"c3b78f756b26a83215139ded34a36fe3667b6eaf445e6d7df1d98501a90ab0f3\", \"details\": {\"request_id\": \"req_1755975056828530\", \"array_size\": [2, 2], \"input_size\": 2, \"language\": \"en\"}, \"ip_address\": \"unknown\", \"session_id\": \"unknown\"}", "thread": "MainThread", "process": 2365}
{"timestamp": "2025-08-23T18:50:56.828997", "level": "INFO", "logger": "root", "message": "Simulation started", "thread": "MainThread", "process": 2365, "user_id": "rate_limit_test_user", "request_id": "req_1755975056828530"}
{"timestamp": "2025-08-23T18:50:56.829219", "level": "INFO", "logger": "generation3_scale_system", "message": "Created scalable array: array_1755975056829034 (2x2)", "thread": "MainThread", "process": 2365}
{"timestamp": "2025-08-23T18:50:56.829646", "level": "INFO", "logger": "root", "message": "Simulation completed", "thread": "MainThread", "process": 2365, "request_id": "req_1755975056828530"}
{"timestamp": "2025-08-23T18:50:56.829968", "level": "INFO", "logger": "root", "message": "AUDIT: {\"timestamp\": \"2025-08-23T18:50:56.829769\", \"action\": \"simulation_request\", \"user_id\": \"c3b78f756b26a83215139ded34a36fe3667b6eaf445e6d7df1d98501a90ab0f3\", \"details\": {\"request_id\": \"req_1755975056829752\", \"array_size\": [2, 2], \"input_size\": 2, \"language\": \"en\"}, \"ip_address\": \"unknown\", \"session_id\": \"unknown\"}", "thread": "MainThread", "process": 2365}
{"timestamp": "2025-08-23T18:50:56.830208", "level": "INFO", "logger": "root", "message": "Simulation started", "thread": "MainThread", "process": 2365, "user_id": "rate_limit_test_user", "request_id": "req_1755975056829752"}
{"timestamp": "2025-08-23T18:50:56.830434", "level": "INFO", "logger": "generation3_scale_system", "message": "Created scalable array: array_1755975056830249 (2x2)", "thread": "MainThread", "process": 2365}
{"timestamp": "2025-08-23T18:50:56.830952", "level": "INFO", "logger": "root", "message": "Simulation completed", "thread": "MainThread", "process": 2365, "request_id": "req_1755975056829752"}
{"timestamp": "2025-08-23T18:50:56.831219", "level": "INFO", "logger": "root", "message": "AUDIT: {\"timestamp\": \"2025-08-23T18:50:56.831023\", \"action\": \"simulation_request\", \"user_id\": \"c3b78f756b26a83215139ded34a36fe3667b6eaf445e6d7df1d98501a90ab0f3\", \"details\": {\"request_id\": \"req_1755975056831006\", \"array_size\": [2, 2], \"input_size\": 2, \"language\": \"en\"}, \"ip_address\": \"unknown\", \"session_id\": \"unknown\"}", "thread": "MainThread", "process": 2365}
{"timestamp": "2025-08-23T18:50:56.831473", "level": "INFO", "logger": "root", "message": "Simulation started", "thread": "MainThread", "process": 2365, "user_id": "rate_limit_test_user", "request_id": "req_1755975056831006"}
{"timestamp": "2025-08-23T18:50:56.831830", "level": "INFO", "logger": "generation3_scale_system", "message": "Created scalable array: array_1755975056831509 (2x2)", "thread": "MainThread", "process": 2365}
{"timestamp": "2025-08-23T18:50:56.832269", "level": "INFO", "logger": "root", "message": "Simulation completed", "thread": "MainThread", "process": 2365, "request_id": "req_1755975056831006"}
{"timestamp": "2025-08-23T18:50:56.832528", "level": "INFO", "logger": "generation3_scale_system", "message": "Created scalable array: array_1755975056832340 (2x2)", "thread": "MainThread", "process": 2365}
{"timestamp": "2025-08-23T18:50:56.833309", "level": "INFO", "logger": "generation3_scale_system", "message": "Created scalable array: array_1755975056833097 (2x2)", "thread": "MainThread", "process": 2365}
